# JRE version: Java(TM) SE Runtime Environment (8.0_31-b13) (build 1.8.0_31-b13)
# Java VM: Java HotSpot(TM) 64-Bit Server VM (25.31-b07 mixed mode windows-amd64 compressed oops)
Heap:
 PSYoungGen      total 111616K, used 60417K [0x00000000e0780000, 0x00000000eab80000, 0x0000000100000000)
  eden space 87552K, 66% used [0x00000000e0780000,0x00000000e400bfe0,0x00000000e5d00000)
  from space 24064K, 10% used [0x00000000e7f00000,0x00000000e8174570,0x00000000e9680000)
  to   space 34816K, 0% used [0x00000000e5d00000,0x00000000e5d00000,0x00000000e7f00000)
 ParOldGen       total 123904K, used 65372K [0x00000000a1600000, 0x00000000a8f00000, 0x00000000e0780000)
  object space 123904K, 52% used [0x00000000a1600000,0x00000000a55d72e0,0x00000000a8f00000)
 Metaspace       used 24436K, capacity 24640K, committed 25216K, reserved 1071104K
  class space    used 3290K, capacity 3347K, committed 3456K, reserved 1048576K
GC Heap History (10 events):
Event: 1.079 GC heap before
{Heap before GC invocations=3 (full 0):
 PSYoungGen      total 28672K, used 28656K [0x00000000e0780000, 0x00000000e3f80000, 0x0000000100000000)
  eden space 24576K, 100% used [0x00000000e0780000,0x00000000e1f80000,0x00000000e1f80000)
  from space 4096K, 99% used [0x00000000e2380000,0x00000000e277c030,0x00000000e2780000)
  to   space 4096K, 0% used [0x00000000e1f80000,0x00000000e1f80000,0x00000000e2380000)
 ParOldGen       total 65536K, used 4270K [0x00000000a1600000, 0x00000000a5600000, 0x00000000e0780000)
  object space 65536K, 6% used [0x00000000a1600000,0x00000000a1a2ba10,0x00000000a5600000)
 Metaspace       used 10298K, capacity 10440K, committed 10624K, reserved 1058816K
  class space    used 1295K, capacity 1341K, committed 1408K, reserved 1048576K
Event: 1.084 GC heap after
Heap after GC invocations=3 (full 0):
 PSYoungGen      total 28672K, used 4086K [0x00000000e0780000, 0x00000000e3f80000, 0x0000000100000000)
  eden space 24576K, 0% used [0x00000000e0780000,0x00000000e0780000,0x00000000e1f80000)
  from space 4096K, 99% used [0x00000000e1f80000,0x00000000e237dad8,0x00000000e2380000)
  to   space 4096K, 0% used [0x00000000e3b80000,0x00000000e3b80000,0x00000000e3f80000)
 ParOldGen       total 65536K, used 8505K [0x00000000a1600000, 0x00000000a5600000, 0x00000000e0780000)
  object space 65536K, 12% used [0x00000000a1600000,0x00000000a1e4e7f8,0x00000000a5600000)
 Metaspace       used 10298K, capacity 10440K, committed 10624K, reserved 1058816K
  class space    used 1295K, capacity 1341K, committed 1408K, reserved 1048576K
}
Event: 1.350 GC heap before
{Heap before GC invocations=4 (full 0):
 PSYoungGen      total 28672K, used 28662K [0x00000000e0780000, 0x00000000e3f80000, 0x0000000100000000)
  eden space 24576K, 100% used [0x00000000e0780000,0x00000000e1f80000,0x00000000e1f80000)
  from space 4096K, 99% used [0x00000000e1f80000,0x00000000e237dad8,0x00000000e2380000)
  to   space 4096K, 0% used [0x00000000e3b80000,0x00000000e3b80000,0x00000000e3f80000)
 ParOldGen       total 65536K, used 8505K [0x00000000a1600000, 0x00000000a5600000, 0x00000000e0780000)
  object space 65536K, 12% used [0x00000000a1600000,0x00000000a1e4e7f8,0x00000000a5600000)
 Metaspace       used 12754K, capacity 12902K, committed 13312K, reserved 1060864K
  class space    used 1610K, capacity 1668K, committed 1792K, reserved 1048576K
Event: 1.354 GC heap after
Heap after GC invocations=4 (full 0):
 PSYoungGen      total 53248K, used 4064K [0x00000000e0780000, 0x00000000e3f80000, 0x0000000100000000)
  eden space 49152K, 0% used [0x00000000e0780000,0x00000000e0780000,0x00000000e3780000)
  from space 4096K, 99% used [0x00000000e3b80000,0x00000000e3f78020,0x00000000e3f80000)
  to   space 4096K, 0% used [0x00000000e3780000,0x00000000e3780000,0x00000000e3b80000)
 ParOldGen       total 65536K, used 11412K [0x00000000a1600000, 0x00000000a5600000, 0x00000000e0780000)
  object space 65536K, 17% used [0x00000000a1600000,0x00000000a2125128,0x00000000a5600000)
 Metaspace       used 12754K, capacity 12902K, committed 13312K, reserved 1060864K
  class space    used 1610K, capacity 1668K, committed 1792K, reserved 1048576K
}
Event: 1.819 GC heap before
{Heap before GC invocations=5 (full 0):
 PSYoungGen      total 53248K, used 53171K [0x00000000e0780000, 0x00000000e3f80000, 0x0000000100000000)
  eden space 49152K, 99% used [0x00000000e0780000,0x00000000e3774f08,0x00000000e3780000)
  from space 4096K, 99% used [0x00000000e3b80000,0x00000000e3f78020,0x00000000e3f80000)
  to   space 4096K, 0% used [0x00000000e3780000,0x00000000e3780000,0x00000000e3b80000)
 ParOldGen       total 65536K, used 11412K [0x00000000a1600000, 0x00000000a5600000, 0x00000000e0780000)
  object space 65536K, 17% used [0x00000000a1600000,0x00000000a2125128,0x00000000a5600000)
 Metaspace       used 15961K, capacity 16088K, committed 16512K, reserved 1062912K
  class space    used 2066K, capacity 2087K, committed 2176K, reserved 1048576K
Event: 1.831 GC heap after
Heap after GC invocations=5 (full 0):
 PSYoungGen      total 53248K, used 4068K [0x00000000e0780000, 0x00000000e9680000, 0x0000000100000000)
  eden space 49152K, 0% used [0x00000000e0780000,0x00000000e0780000,0x00000000e3780000)
  from space 4096K, 99% used [0x00000000e3780000,0x00000000e3b79260,0x00000000e3b80000)
  to   space 24064K, 0% used [0x00000000e7f00000,0x00000000e7f00000,0x00000000e9680000)
 ParOldGen       total 65536K, used 36406K [0x00000000a1600000, 0x00000000a5600000, 0x00000000e0780000)
  object space 65536K, 55% used [0x00000000a1600000,0x00000000a398da08,0x00000000a5600000)
 Metaspace       used 15961K, capacity 16088K, committed 16512K, reserved 1062912K
  class space    used 2066K, capacity 2087K, committed 2176K, reserved 1048576K
}
Event: 2.165 GC heap before
{Heap before GC invocations=6 (full 0):
 PSYoungGen      total 53248K, used 53220K [0x00000000e0780000, 0x00000000e9680000, 0x0000000100000000)
  eden space 49152K, 100% used [0x00000000e0780000,0x00000000e3780000,0x00000000e3780000)
  from space 4096K, 99% used [0x00000000e3780000,0x00000000e3b79260,0x00000000e3b80000)
  to   space 24064K, 0% used [0x00000000e7f00000,0x00000000e7f00000,0x00000000e9680000)
 ParOldGen       total 65536K, used 36406K [0x00000000a1600000, 0x00000000a5600000, 0x00000000e0780000)
  object space 65536K, 55% used [0x00000000a1600000,0x00000000a398da08,0x00000000a5600000)
 Metaspace       used 18061K, capacity 18253K, committed 18560K, reserved 1064960K
  class space    used 2333K, capacity 2375K, committed 2432K, reserved 1048576K
Event: 2.179 GC heap after
Heap after GC invocations=6 (full 0):
 PSYoungGen      total 111616K, used 24050K [0x00000000e0780000, 0x00000000eab80000, 0x0000000100000000)
  eden space 87552K, 0% used [0x00000000e0780000,0x00000000e0780000,0x00000000e5d00000)
  from space 24064K, 99% used [0x00000000e7f00000,0x00000000e967c960,0x00000000e9680000)
  to   space 34816K, 0% used [0x00000000e5d00000,0x00000000e5d00000,0x00000000e7f00000)
 ParOldGen       total 65536K, used 46869K [0x00000000a1600000, 0x00000000a5600000, 0x00000000e0780000)
  object space 65536K, 71% used [0x00000000a1600000,0x00000000a43c55e0,0x00000000a5600000)
 Metaspace       used 18061K, capacity 18253K, committed 18560K, reserved 1064960K
  class space    used 2333K, capacity 2375K, committed 2432K, reserved 1048576K
}
Event: 2.179 GC heap before
{Heap before GC invocations=7 (full 1):
 PSYoungGen      total 111616K, used 24050K [0x00000000e0780000, 0x00000000eab80000, 0x0000000100000000)
  eden space 87552K, 0% used [0x00000000e0780000,0x00000000e0780000,0x00000000e5d00000)
  from space 24064K, 99% used [0x00000000e7f00000,0x00000000e967c960,0x00000000e9680000)
  to   space 34816K, 0% used [0x00000000e5d00000,0x00000000e5d00000,0x00000000e7f00000)
 ParOldGen       total 65536K, used 46869K [0x00000000a1600000, 0x00000000a5600000, 0x00000000e0780000)
  object space 65536K, 71% used [0x00000000a1600000,0x00000000a43c55e0,0x00000000a5600000)
 Metaspace       used 18061K, capacity 18253K, committed 18560K, reserved 1064960K
  class space    used 2333K, capacity 2375K, committed 2432K, reserved 1048576K
Event: 2.243 GC heap after
Heap after GC invocations=7 (full 1):
 PSYoungGen      total 111616K, used 2513K [0x00000000e0780000, 0x00000000eab80000, 0x0000000100000000)
  eden space 87552K, 0% used [0x00000000e0780000,0x00000000e0780000,0x00000000e5d00000)
  from space 24064K, 10% used [0x00000000e7f00000,0x00000000e8174570,0x00000000e9680000)
  to   space 34816K, 0% used [0x00000000e5d00000,0x00000000e5d00000,0x00000000e7f00000)
 ParOldGen       total 123904K, used 65372K [0x00000000a1600000, 0x00000000a8f00000, 0x00000000e0780000)
  object space 123904K, 52% used [0x00000000a1600000,0x00000000a55d72e0,0x00000000a8f00000)
 Metaspace       used 18061K, capacity 18253K, committed 18560K, reserved 1064960K
  class space    used 2333K, capacity 2375K, committed 2432K, reserved 1048576K
}

